# JRE version: OpenJDK Runtime Environment (8.0_112-b06) (build 1.8.0_112-release-b06)
# Java VM: OpenJDK 64-Bit Server VM (25.112-b06 mixed mode linux-amd64 compressed oops)
Heap:
 PSYoungGen      total 390656K, used 16324K [0x00000000e0000000, 0x0000000100000000, 0x0000000100000000)
  eden space 326144K, 0% used [0x00000000e0000000,0x00000000e0000000,0x00000000f3e80000)
  from space 64512K, 25% used [0x00000000f9180000,0x00000000fa171268,0x00000000fd080000)
  to   space 84992K, 0% used [0x00000000f3e80000,0x00000000f3e80000,0x00000000f9180000)
 ParOldGen       total 89088K, used 88906K [0x00000000a0000000, 0x00000000a5700000, 0x00000000e0000000)
  object space 89088K, 99% used [0x00000000a0000000,0x00000000a56d28d0,0x00000000a5700000)
 Metaspace       used 79252K, capacity 84732K, committed 85144K, reserved 1124352K
  class space    used 10187K, capacity 11025K, committed 11184K, reserved 1048576K
GC Heap History (10 events):
Event: 332,481 GC heap after
Heap after GC invocations=21 (full 3):
 PSYoungGen      total 330240K, used 32228K [0x00000000e0000000, 0x00000000f7300000, 0x0000000100000000)
  eden space 285696K, 0% used [0x00000000e0000000,0x00000000e0000000,0x00000000f1700000)
  from space 44544K, 72% used [0x00000000f4680000,0x00000000f65f9358,0x00000000f7200000)
  to   space 47104K, 0% used [0x00000000f1700000,0x00000000f1700000,0x00000000f4500000)
 ParOldGen       total 82944K, used 61368K [0x00000000a0000000, 0x00000000a5100000, 0x00000000e0000000)
  object space 82944K, 73% used [0x00000000a0000000,0x00000000a3bee398,0x00000000a5100000)
 Metaspace       used 74522K, capacity 78582K, committed 78744K, reserved 1118208K
  class space    used 9723K, capacity 10402K, committed 10416K, reserved 1048576K
}
Event: 399,027 GC heap before
{Heap before GC invocations=22 (full 3):
 PSYoungGen      total 330240K, used 317924K [0x00000000e0000000, 0x00000000f7300000, 0x0000000100000000)
  eden space 285696K, 100% used [0x00000000e0000000,0x00000000f1700000,0x00000000f1700000)
  from space 44544K, 72% used [0x00000000f4680000,0x00000000f65f9358,0x00000000f7200000)
  to   space 47104K, 0% used [0x00000000f1700000,0x00000000f1700000,0x00000000f4500000)
 ParOldGen       total 82944K, used 61368K [0x00000000a0000000, 0x00000000a5100000, 0x00000000e0000000)
  object space 82944K, 73% used [0x00000000a0000000,0x00000000a3bee398,0x00000000a5100000)
 Metaspace       used 75350K, capacity 79878K, committed 79896K, reserved 1118208K
  class space    used 9811K, capacity 10530K, committed 10544K, reserved 1048576K
Event: 399,354 GC heap after
Heap after GC invocations=22 (full 3):
 PSYoungGen      total 332800K, used 42154K [0x00000000e0000000, 0x00000000fa180000, 0x0000000100000000)
  eden space 285696K, 0% used [0x00000000e0000000,0x00000000e0000000,0x00000000f1700000)
  from space 47104K, 89% used [0x00000000f1700000,0x00000000f402aae0,0x00000000f4500000)
  to   space 52736K, 0% used [0x00000000f6e00000,0x00000000f6e00000,0x00000000fa180000)
 ParOldGen       total 82944K, used 61376K [0x00000000a0000000, 0x00000000a5100000, 0x00000000e0000000)
  object space 82944K, 73% used [0x00000000a0000000,0x00000000a3bf0398,0x00000000a5100000)
 Metaspace       used 75350K, capacity 79878K, committed 79896K, reserved 1118208K
  class space    used 9811K, capacity 10530K, committed 10544K, reserved 1048576K
}
Event: 484,897 GC heap before
{Heap before GC invocations=23 (full 3):
 PSYoungGen      total 332800K, used 327850K [0x00000000e0000000, 0x00000000fa180000, 0x0000000100000000)
  eden space 285696K, 100% used [0x00000000e0000000,0x00000000f1700000,0x00000000f1700000)
  from space 47104K, 89% used [0x00000000f1700000,0x00000000f402aae0,0x00000000f4500000)
  to   space 52736K, 0% used [0x00000000f6e00000,0x00000000f6e00000,0x00000000fa180000)
 ParOldGen       total 82944K, used 61376K [0x00000000a0000000, 0x00000000a5100000, 0x00000000e0000000)
  object space 82944K, 73% used [0x00000000a0000000,0x00000000a3bf0398,0x00000000a5100000)
 Metaspace       used 76137K, capacity 81298K, committed 81304K, reserved 1120256K
  class space    used 9909K, capacity 10672K, committed 10672K, reserved 1048576K
Event: 485,387 GC heap after
Heap after GC invocations=23 (full 3):
 PSYoungGen      total 369152K, used 45390K [0x00000000e0000000, 0x00000000fa980000, 0x0000000100000000)
  eden space 316416K, 0% used [0x00000000e0000000,0x00000000e0000000,0x00000000f3500000)
  from space 52736K, 86% used [0x00000000f6e00000,0x00000000f9a53b20,0x00000000fa180000)
  to   space 58368K, 0% used [0x00000000f3500000,0x00000000f3500000,0x00000000f6e00000)
 ParOldGen       total 82944K, used 61384K [0x00000000a0000000, 0x00000000a5100000, 0x00000000e0000000)
  object space 82944K, 74% used [0x00000000a0000000,0x00000000a3bf2398,0x00000000a5100000)
 Metaspace       used 76137K, capacity 81298K, committed 81304K, reserved 1120256K
  class space    used 9909K, capacity 10672K, committed 10672K, reserved 1048576K
}
Event: 867,927 GC heap before
{Heap before GC invocations=24 (full 3):
 PSYoungGen      total 369152K, used 361806K [0x00000000e0000000, 0x00000000fa980000, 0x0000000100000000)
  eden space 316416K, 100% used [0x00000000e0000000,0x00000000f3500000,0x00000000f3500000)
  from space 52736K, 86% used [0x00000000f6e00000,0x00000000f9a53b20,0x00000000fa180000)
  to   space 58368K, 0% used [0x00000000f3500000,0x00000000f3500000,0x00000000f6e00000)
 ParOldGen       total 82944K, used 61384K [0x00000000a0000000, 0x00000000a5100000, 0x00000000e0000000)
  object space 82944K, 74% used [0x00000000a0000000,0x00000000a3bf2398,0x00000000a5100000)
 Metaspace       used 76771K, capacity 82244K, committed 82584K, reserved 1120256K
  class space    used 9974K, capacity 10807K, committed 10928K, reserved 1048576K
Event: 868,242 GC heap after
Heap after GC invocations=24 (full 3):
 PSYoungGen      total 374784K, used 49694K [0x00000000e0000000, 0x00000000fd080000, 0x0000000100000000)
  eden space 316416K, 0% used [0x00000000e0000000,0x00000000e0000000,0x00000000f3500000)
  from space 58368K, 85% used [0x00000000f3500000,0x00000000f6587808,0x00000000f6e00000)
  to   space 64512K, 0% used [0x00000000f9180000,0x00000000f9180000,0x00000000fd080000)
 ParOldGen       total 82944K, used 61392K [0x00000000a0000000, 0x00000000a5100000, 0x00000000e0000000)
  object space 82944K, 74% used [0x00000000a0000000,0x00000000a3bf4398,0x00000000a5100000)
 Metaspace       used 76771K, capacity 82244K, committed 82584K, reserved 1120256K
  class space    used 9974K, capacity 10807K, committed 10928K, reserved 1048576K
}
Event: 875,266 GC heap before
{Heap before GC invocations=25 (full 3):
 PSYoungGen      total 374784K, used 366110K [0x00000000e0000000, 0x00000000fd080000, 0x0000000100000000)
  eden space 316416K, 100% used [0x00000000e0000000,0x00000000f3500000,0x00000000f3500000)
  from space 58368K, 85% used [0x00000000f3500000,0x00000000f6587808,0x00000000f6e00000)
  to   space 64512K, 0% used [0x00000000f9180000,0x00000000f9180000,0x00000000fd080000)
 ParOldGen       total 82944K, used 61392K [0x00000000a0000000, 0x00000000a5100000, 0x00000000e0000000)
  object space 82944K, 74% used [0x00000000a0000000,0x00000000a3bf4398,0x00000000a5100000)
 Metaspace       used 79389K, capacity 85006K, committed 85144K, reserved 1124352K
  class space    used 10229K, capacity 11070K, committed 11184K, reserved 1048576K
Event: 875,751 GC heap after
Heap after GC invocations=25 (full 3):
 PSYoungGen      total 390656K, used 64493K [0x00000000e0000000, 0x0000000100000000, 0x0000000100000000)
  eden space 326144K, 0% used [0x00000000e0000000,0x00000000e0000000,0x00000000f3e80000)
  from space 64512K, 99% used [0x00000000f9180000,0x00000000fd07b740,0x00000000fd080000)
  to   space 84992K, 0% used [0x00000000f3e80000,0x00000000f3e80000,0x00000000f9180000)
 ParOldGen       total 89088K, used 88991K [0x00000000a0000000, 0x00000000a5700000, 0x00000000e0000000)
  object space 89088K, 99% used [0x00000000a0000000,0x00000000a56e7da0,0x00000000a5700000)
 Metaspace       used 79389K, capacity 85006K, committed 85144K, reserved 1124352K
  class space    used 10229K, capacity 11070K, committed 11184K, reserved 1048576K
}
Event: 875,752 GC heap before
{Heap before GC invocations=26 (full 4):
 PSYoungGen      total 390656K, used 64493K [0x00000000e0000000, 0x0000000100000000, 0x0000000100000000)
  eden space 326144K, 0% used [0x00000000e0000000,0x00000000e0000000,0x00000000f3e80000)
  from space 64512K, 99% used [0x00000000f9180000,0x00000000fd07b740,0x00000000fd080000)
  to   space 84992K, 0% used [0x00000000f3e80000,0x00000000f3e80000,0x00000000f9180000)
 ParOldGen       total 89088K, used 88991K [0x00000000a0000000, 0x00000000a5700000, 0x00000000e0000000)
  object space 89088K, 99% used [0x00000000a0000000,0x00000000a56e7da0,0x00000000a5700000)
 Metaspace       used 79389K, capacity 85006K, committed 85144K, reserved 1124352K
  class space    used 10229K, capacity 11070K, committed 11184K, reserved 1048576K

