# JRE version: OpenJDK Runtime Environment (8.0_112-b06) (build 1.8.0_112-release-b06)
# Java VM: OpenJDK 64-Bit Server VM (25.112-b06 mixed mode linux-amd64 compressed oops)
Heap:
 PSYoungGen      total 349696K, used 28284K [0x00000000e0000000, 0x0000000100000000, 0x0000000100000000)
  eden space 175104K, 0% used [0x00000000e0000000,0x00000000e0000000,0x00000000eab00000)
  from space 174592K, 16% used [0x00000000eab00000,0x00000000ec69f360,0x00000000f5580000)
  to   space 174592K, 0% used [0x00000000f5580000,0x00000000f5580000,0x0000000100000000)
 ParOldGen       total 570368K, used 570169K [0x00000000a0000000, 0x00000000c2d00000, 0x00000000e0000000)
  object space 570368K, 99% used [0x00000000a0000000,0x00000000c2cce710,0x00000000c2d00000)
 Metaspace       used 74417K, capacity 77412K, committed 77696K, reserved 1116160K
  class space    used 9963K, capacity 10603K, committed 10624K, reserved 1048576K
GC Heap History (10 events):
Event: 204,130 GC heap after
Heap after GC invocations=58 (full 9):
 PSYoungGen      total 391680K, used 47898K [0x00000000e0000000, 0x0000000100000000, 0x0000000100000000)
  eden space 259072K, 0% used [0x00000000e0000000,0x00000000e0000000,0x00000000efd00000)
  from space 132608K, 36% used [0x00000000efd00000,0x00000000f2bc6a48,0x00000000f7e80000)
  to   space 125952K, 0% used [0x00000000f8500000,0x00000000f8500000,0x0000000100000000)
 ParOldGen       total 570368K, used 407053K [0x00000000a0000000, 0x00000000c2d00000, 0x00000000e0000000)
  object space 570368K, 71% used [0x00000000a0000000,0x00000000b8d83718,0x00000000c2d00000)
 Metaspace       used 74174K, capacity 77188K, committed 77440K, reserved 1116160K
  class space    used 9932K, capacity 10571K, committed 10624K, reserved 1048576K
}
Event: 205,528 GC heap before
{Heap before GC invocations=59 (full 9):
 PSYoungGen      total 391680K, used 306970K [0x00000000e0000000, 0x0000000100000000, 0x0000000100000000)
  eden space 259072K, 100% used [0x00000000e0000000,0x00000000efd00000,0x00000000efd00000)
  from space 132608K, 36% used [0x00000000efd00000,0x00000000f2bc6a48,0x00000000f7e80000)
  to   space 125952K, 0% used [0x00000000f8500000,0x00000000f8500000,0x0000000100000000)
 ParOldGen       total 570368K, used 407053K [0x00000000a0000000, 0x00000000c2d00000, 0x00000000e0000000)
  object space 570368K, 71% used [0x00000000a0000000,0x00000000b8d83718,0x00000000c2d00000)
 Metaspace       used 74179K, capacity 77188K, committed 77440K, reserved 1116160K
  class space    used 9932K, capacity 10571K, committed 10624K, reserved 1048576K
Event: 205,923 GC heap after
Heap after GC invocations=59 (full 9):
 PSYoungGen      total 368640K, used 105283K [0x00000000e0000000, 0x0000000100000000, 0x0000000100000000)
  eden space 242688K, 0% used [0x00000000e0000000,0x00000000e0000000,0x00000000eed00000)
  from space 125952K, 83% used [0x00000000f8500000,0x00000000febd0fd8,0x0000000100000000)
  to   space 140800K, 0% used [0x00000000eed00000,0x00000000eed00000,0x00000000f7680000)
 ParOldGen       total 570368K, used 407053K [0x00000000a0000000, 0x00000000c2d00000, 0x00000000e0000000)
  object space 570368K, 71% used [0x00000000a0000000,0x00000000b8d83718,0x00000000c2d00000)
 Metaspace       used 74179K, capacity 77188K, committed 77440K, reserved 1116160K
  class space    used 9932K, capacity 10571K, committed 10624K, reserved 1048576K
}
Event: 207,369 GC heap before
{Heap before GC invocations=60 (full 9):
 PSYoungGen      total 368640K, used 347971K [0x00000000e0000000, 0x0000000100000000, 0x0000000100000000)
  eden space 242688K, 100% used [0x00000000e0000000,0x00000000eed00000,0x00000000eed00000)
  from space 125952K, 83% used [0x00000000f8500000,0x00000000febd0fd8,0x0000000100000000)
  to   space 140800K, 0% used [0x00000000eed00000,0x00000000eed00000,0x00000000f7680000)
 ParOldGen       total 570368K, used 407053K [0x00000000a0000000, 0x00000000c2d00000, 0x00000000e0000000)
  object space 570368K, 71% used [0x00000000a0000000,0x00000000b8d83718,0x00000000c2d00000)
 Metaspace       used 74181K, capacity 77188K, committed 77440K, reserved 1116160K
  class space    used 9932K, capacity 10571K, committed 10624K, reserved 1048576K
Event: 207,950 GC heap after
Heap after GC invocations=60 (full 9):
 PSYoungGen      total 383488K, used 140784K [0x00000000e0000000, 0x0000000100000000, 0x0000000100000000)
  eden space 242688K, 0% used [0x00000000e0000000,0x00000000e0000000,0x00000000eed00000)
  from space 140800K, 99% used [0x00000000eed00000,0x00000000f767c140,0x00000000f7680000)
  to   space 140800K, 0% used [0x00000000f7680000,0x00000000f7680000,0x0000000100000000)
 ParOldGen       total 570368K, used 420605K [0x00000000a0000000, 0x00000000c2d00000, 0x00000000e0000000)
  object space 570368K, 73% used [0x00000000a0000000,0x00000000b9abf5f0,0x00000000c2d00000)
 Metaspace       used 74181K, capacity 77188K, committed 77440K, reserved 1116160K
  class space    used 9932K, capacity 10571K, committed 10624K, reserved 1048576K
}
Event: 209,427 GC heap before
{Heap before GC invocations=61 (full 9):
 PSYoungGen      total 383488K, used 383472K [0x00000000e0000000, 0x0000000100000000, 0x0000000100000000)
  eden space 242688K, 100% used [0x00000000e0000000,0x00000000eed00000,0x00000000eed00000)
  from space 140800K, 99% used [0x00000000eed00000,0x00000000f767c140,0x00000000f7680000)
  to   space 140800K, 0% used [0x00000000f7680000,0x00000000f7680000,0x0000000100000000)
 ParOldGen       total 570368K, used 420605K [0x00000000a0000000, 0x00000000c2d00000, 0x00000000e0000000)
  object space 570368K, 73% used [0x00000000a0000000,0x00000000b9abf5f0,0x00000000c2d00000)
 Metaspace       used 74186K, capacity 77188K, committed 77440K, reserved 1116160K
  class space    used 9932K, capacity 10571K, committed 10624K, reserved 1048576K
Event: 210,193 GC heap after
Heap after GC invocations=61 (full 9):
 PSYoungGen      total 315904K, used 140800K [0x00000000e0000000, 0x0000000100000000, 0x0000000100000000)
  eden space 175104K, 0% used [0x00000000e0000000,0x00000000e0000000,0x00000000eab00000)
  from space 140800K, 100% used [0x00000000f7680000,0x0000000100000000,0x0000000100000000)
  to   space 174592K, 0% used [0x00000000eab00000,0x00000000eab00000,0x00000000f5580000)
 ParOldGen       total 570368K, used 470233K [0x00000000a0000000, 0x00000000c2d00000, 0x00000000e0000000)
  object space 570368K, 82% used [0x00000000a0000000,0x00000000bcb366e0,0x00000000c2d00000)
 Metaspace       used 74186K, capacity 77188K, committed 77440K, reserved 1116160K
  class space    used 9932K, capacity 10571K, committed 10624K, reserved 1048576K
}
Event: 213,028 GC heap before
{Heap before GC invocations=62 (full 9):
 PSYoungGen      total 315904K, used 315904K [0x00000000e0000000, 0x0000000100000000, 0x0000000100000000)
  eden space 175104K, 100% used [0x00000000e0000000,0x00000000eab00000,0x00000000eab00000)
  from space 140800K, 100% used [0x00000000f7680000,0x0000000100000000,0x0000000100000000)
  to   space 174592K, 0% used [0x00000000eab00000,0x00000000eab00000,0x00000000f5580000)
 ParOldGen       total 570368K, used 470233K [0x00000000a0000000, 0x00000000c2d00000, 0x00000000e0000000)
  object space 570368K, 82% used [0x00000000a0000000,0x00000000bcb366e0,0x00000000c2d00000)
 Metaspace       used 74417K, capacity 77412K, committed 77696K, reserved 1116160K
  class space    used 9963K, capacity 10603K, committed 10624K, reserved 1048576K
Event: 214,773 GC heap after
Heap after GC invocations=62 (full 9):
 PSYoungGen      total 349696K, used 114862K [0x00000000e0000000, 0x0000000100000000, 0x0000000100000000)
  eden space 175104K, 0% used [0x00000000e0000000,0x00000000e0000000,0x00000000eab00000)
  from space 174592K, 65% used [0x00000000eab00000,0x00000000f1b2b880,0x00000000f5580000)
  to   space 174592K, 0% used [0x00000000f5580000,0x00000000f5580000,0x0000000100000000)
 ParOldGen       total 570368K, used 506857K [0x00000000a0000000, 0x00000000c2d00000, 0x00000000e0000000)
  object space 570368K, 88% used [0x00000000a0000000,0x00000000beefa6e0,0x00000000c2d00000)
 Metaspace       used 74417K, capacity 77412K, committed 77696K, reserved 1116160K
  class space    used 9963K, capacity 10603K, committed 10624K, reserved 1048576K
}
Event: 214,773 GC heap before
{Heap before GC invocations=63 (full 10):
 PSYoungGen      total 349696K, used 114862K [0x00000000e0000000, 0x0000000100000000, 0x0000000100000000)
  eden space 175104K, 0% used [0x00000000e0000000,0x00000000e0000000,0x00000000eab00000)
  from space 174592K, 65% used [0x00000000eab00000,0x00000000f1b2b880,0x00000000f5580000)
  to   space 174592K, 0% used [0x00000000f5580000,0x00000000f5580000,0x0000000100000000)
 ParOldGen       total 570368K, used 506857K [0x00000000a0000000, 0x00000000c2d00000, 0x00000000e0000000)
  object space 570368K, 88% used [0x00000000a0000000,0x00000000beefa6e0,0x00000000c2d00000)
 Metaspace       used 74417K, capacity 77412K, committed 77696K, reserved 1116160K
  class space    used 9963K, capacity 10603K, committed 10624K, reserved 1048576K

